==114914== Memcheck, a memory error detector
==114914== Copyright (C) 2002-2017, and GNU GPL'd, by Julian Seward et al.
==114914== Using Valgrind-3.18.1 and LibVEX; rerun with -h for copyright info
==114914== Command: ./ex
==114914== Parent PID: 85229
==114914== 
==114914== Conditional jump or move depends on uninitialised value(s)
==114914==    at 0x484F02A: strncpy (in /usr/libexec/valgrind/vgpreload_memcheck-amd64-linux.so)
==114914==    by 0x10971B: create_student (ex.c:97)
==114914==    by 0x109695: parseLine (ex.c:88)
==114914==    by 0x1093A6: readFromFileAndAddToDatabase (ex.c:41)
==114914==    by 0x10A568: menu (ex.c:377)
==114914==    by 0x10A76E: main (ex.c:444)
==114914==    by 0x4894D8F: __libc_start_call_main (libc_start_call_main.h:58)
==114914==    by 0x4894E3F: __libc_start_main@@GLIBC_2.34 (libc-start.c:392)
==114914==    by 0x109264: _start (in /data.nobackup/checkpointproject/ex)
==114914==    by 0x1FFF000327: ???
==114914==    by 0x1B: ???
==114914== 
==114914== Conditional jump or move depends on uninitialised value(s)
==114914==    at 0x484F02A: strncpy (in /usr/libexec/valgrind/vgpreload_memcheck-amd64-linux.so)
==114914==    by 0x10973F: create_student (ex.c:99)
==114914==    by 0x109695: parseLine (ex.c:88)
==114914==    by 0x1093A6: readFromFileAndAddToDatabase (ex.c:41)
==114914==    by 0x10A568: menu (ex.c:377)
==114914==    by 0x10A76E: main (ex.c:444)
==114914==    by 0x4894D8F: __libc_start_call_main (libc_start_call_main.h:58)
==114914==    by 0x4894E3F: __libc_start_main@@GLIBC_2.34 (libc-start.c:392)
==114914==    by 0x109264: _start (in /data.nobackup/checkpointproject/ex)
==114914==    by 0x1FFF000327: ???
==114914==    by 0x1B: ???
==114914== 
==114914== Conditional jump or move depends on uninitialised value(s)
==114914==    at 0x484F02A: strncpy (in /usr/libexec/valgrind/vgpreload_memcheck-amd64-linux.so)
==114914==    by 0x109763: create_student (ex.c:101)
==114914==    by 0x109695: parseLine (ex.c:88)
==114914==    by 0x1093A6: readFromFileAndAddToDatabase (ex.c:41)
==114914==    by 0x10A568: menu (ex.c:377)
==114914==    by 0x10A76E: main (ex.c:444)
==114914==    by 0x4894D8F: __libc_start_call_main (libc_start_call_main.h:58)
==114914==    by 0x4894E3F: __libc_start_main@@GLIBC_2.34 (libc-start.c:392)
==114914==    by 0x109264: _start (in /data.nobackup/checkpointproject/ex)
==114914==    by 0x1FFF000327: ???
==114914==    by 0x1B: ???
==114914== 
==114914== Use of uninitialised value of size 8
==114914==    at 0x1094C4: add_student (ex.c:60)
==114914==    by 0x1096B8: parseLine (ex.c:90)
==114914==    by 0x1093A6: readFromFileAndAddToDatabase (ex.c:41)
==114914==    by 0x10A568: menu (ex.c:377)
==114914==    by 0x10A76E: main (ex.c:444)
==114914==    by 0x4894D8F: __libc_start_call_main (libc_start_call_main.h:58)
==114914==    by 0x4894E3F: __libc_start_main@@GLIBC_2.34 (libc-start.c:392)
==114914==    by 0x109264: _start (in /data.nobackup/checkpointproject/ex)
==114914==    by 0x1FFF000327: ???
==114914==    by 0x1B: ???
==114914== 
==114914== Use of uninitialised value of size 8
==114914==    at 0x109539: add_student (ex.c:64)
==114914==    by 0x1096B8: parseLine (ex.c:90)
==114914==    by 0x1093A6: readFromFileAndAddToDatabase (ex.c:41)
==114914==    by 0x10A568: menu (ex.c:377)
==114914==    by 0x10A76E: main (ex.c:444)
==114914==    by 0x4894D8F: __libc_start_call_main (libc_start_call_main.h:58)
==114914==    by 0x4894E3F: __libc_start_main@@GLIBC_2.34 (libc-start.c:392)
==114914==    by 0x109264: _start (in /data.nobackup/checkpointproject/ex)
==114914==    by 0x1FFF000327: ???
==114914==    by 0x1B: ???
==114914== 
==114914== 
==114914== HEAP SUMMARY:
==114914==     in use at exit: 0 bytes in 0 blocks
==114914==   total heap usage: 21,636 allocs, 21,636 frees, 3,467,736 bytes allocated
==114914== 
==114914== All heap blocks were freed -- no leaks are possible
==114914== 
==114914== Use --track-origins=yes to see where uninitialised values come from
==114914== For lists of detected and suppressed errors, rerun with: -s
==114914== ERROR SUMMARY: 10 errors from 5 contexts (suppressed: 0 from 0)
